{"level":"info","message":"Server is running at http://localhost:5000","service":"tiny-todoist-server","timestamp":"2025-08-21 22:23:54"}
{"level":"info","message":"Server is running at http://localhost:5000","service":"tiny-todoist-server","timestamp":"2025-08-21 22:24:10"}
{"level":"info","message":"Server is running at http://localhost:5000","service":"tiny-todoist-server","timestamp":"2025-08-21 22:24:18"}
{"level":"info","message":"Server is running at http://localhost:5000","service":"tiny-todoist-server","timestamp":"2025-08-21 22:24:45"}
{"level":"info","message":"Server is running at http://localhost:5000","service":"tiny-todoist-server","timestamp":"2025-08-21 22:24:46"}
{"level":"warn","message":"Received SIGINT. Starting graceful shutdown...","service":"tiny-todoist-server","timestamp":"2025-08-21 22:24:52"}
{"level":"info","message":"Server is running at http://localhost:5000","service":"tiny-todoist-server","timestamp":"2025-08-21 22:29:37"}
{"level":"warn","message":"Received SIGINT. Starting graceful shutdown...","service":"tiny-todoist-server","timestamp":"2025-08-21 22:29:43"}
{"level":"info","message":"Server is running at http://localhost:5000","service":"tiny-todoist-server","timestamp":"2025-08-21 22:30:04"}
{"level":"info","message":"Server is running at http://localhost:5000","service":"tiny-todoist-server","timestamp":"2025-08-21 22:30:12"}
{"level":"info","message":"Server is running at http://localhost:5000","service":"tiny-todoist-server","timestamp":"2025-08-21 22:30:15"}
{"level":"info","message":"Server is running at http://localhost:5000","service":"tiny-todoist-server","timestamp":"2025-08-21 22:30:22"}
{"level":"info","message":"Server is running at http://localhost:5000","service":"tiny-todoist-server","timestamp":"2025-08-21 22:30:36"}
{"level":"info","message":"Server is running at http://localhost:5000","service":"tiny-todoist-server","timestamp":"2025-08-21 22:30:40"}
{"level":"info","message":"Server is running at http://localhost:5000","service":"tiny-todoist-server","timestamp":"2025-08-21 22:32:31"}
{"level":"info","message":"Server is running at http://localhost:5000","service":"tiny-todoist-server","timestamp":"2025-08-21 22:32:32"}
{"level":"info","message":"Server is running at http://localhost:5000","service":"tiny-todoist-server","timestamp":"2025-08-21 22:32:34"}
{"level":"info","message":"Server is running at http://localhost:5000","service":"tiny-todoist-server","timestamp":"2025-08-21 22:32:41"}
{"level":"info","message":"Server is running at http://localhost:5000","service":"tiny-todoist-server","timestamp":"2025-08-21 22:32:46"}
{"level":"info","message":"Server is running at http://localhost:5000","service":"tiny-todoist-server","timestamp":"2025-08-21 22:32:48"}
{"level":"warn","message":"Received SIGINT. Starting graceful shutdown...","service":"tiny-todoist-server","timestamp":"2025-08-21 22:32:49"}
{"level":"info","message":"Server is running at http://localhost:5000","service":"tiny-todoist-server","timestamp":"2025-08-21 22:32:52"}
{"level":"info","message":"Server is running at http://localhost:5000","service":"tiny-todoist-server","timestamp":"2025-08-21 22:33:08"}
{"level":"warn","message":"Received SIGINT. Starting graceful shutdown...","service":"tiny-todoist-server","timestamp":"2025-08-21 22:33:14"}
{"level":"info","message":"Server is running at http://localhost:5000","service":"tiny-todoist-server","timestamp":"2025-08-21 22:33:18"}
{"level":"info","message":"Server is running at http://localhost:5000","service":"tiny-todoist-server","timestamp":"2025-08-21 22:33:23"}
{"level":"info","message":"Server is running at http://localhost:5000","service":"tiny-todoist-server","timestamp":"2025-08-21 22:33:27"}
{"level":"info","message":"Server is running at http://localhost:5000","service":"tiny-todoist-server","timestamp":"2025-08-21 22:34:28"}
{"level":"warn","message":"Received SIGINT. Starting graceful shutdown...","service":"tiny-todoist-server","timestamp":"2025-08-21 22:34:29"}
{"level":"info","message":"Server is running at http://localhost:5000","service":"tiny-todoist-server","timestamp":"2025-08-21 22:34:33"}
{"level":"info","message":"Server is running at http://localhost:5000","service":"tiny-todoist-server","timestamp":"2025-08-21 22:35:56"}
{"level":"info","message":"Server is running at http://localhost:3000","service":"tiny-todoist-server","timestamp":"2025-08-22 17:50:14"}
{"level":"error","message":"Fail to start the server connectToDatabase is not defined","service":"tiny-todoist-server","stack":"ReferenceError: connectToDatabase is not defined\n    at E:\\my-project\\tiny-todoist\\server\\src\\server.ts:19:5\n    at Generator.next (<anonymous>)\n    at E:\\my-project\\tiny-todoist\\server\\src\\server.ts:8:71\n    at new Promise (<anonymous>)\n    at __awaiter (E:\\my-project\\tiny-todoist\\server\\src\\server.ts:4:12)\n    at E:\\my-project\\tiny-todoist\\server\\src\\server.ts:17:13\n    at Object.<anonymous> (E:\\my-project\\tiny-todoist\\server\\src\\server.ts:33:3)\n    at Module._compile (node:internal/modules/cjs/loader:1358:14)\n    at Module._compile (E:\\my-project\\tiny-todoist\\server\\node_modules\\source-map-support\\source-map-support.js:568:25)\n    at Module.m._compile (C:\\Users\\Hp\\AppData\\Local\\Temp\\ts-node-dev-hook-3462648157467516.js:69:33)","timestamp":"2025-08-22 17:54:08"}
{"level":"error","message":"Fail to start the server connectToDatabase is not defined","service":"tiny-todoist-server","stack":"ReferenceError: connectToDatabase is not defined\n    at E:\\my-project\\tiny-todoist\\server\\src\\server.ts:19:5\n    at Generator.next (<anonymous>)\n    at E:\\my-project\\tiny-todoist\\server\\src\\server.ts:8:71\n    at new Promise (<anonymous>)\n    at __awaiter (E:\\my-project\\tiny-todoist\\server\\src\\server.ts:4:12)\n    at E:\\my-project\\tiny-todoist\\server\\src\\server.ts:17:13\n    at Object.<anonymous> (E:\\my-project\\tiny-todoist\\server\\src\\server.ts:31:3)\n    at Module._compile (node:internal/modules/cjs/loader:1358:14)\n    at Module._compile (E:\\my-project\\tiny-todoist\\server\\node_modules\\source-map-support\\source-map-support.js:568:25)\n    at Module.m._compile (C:\\Users\\Hp\\AppData\\Local\\Temp\\ts-node-dev-hook-3462648157467516.js:69:33)","timestamp":"2025-08-22 17:54:14"}
{"level":"error","message":"Fail to start the server connect is not defined","service":"tiny-todoist-server","stack":"ReferenceError: connect is not defined\n    at E:\\my-project\\tiny-todoist\\server\\src\\server.ts:19:5\n    at Generator.next (<anonymous>)\n    at E:\\my-project\\tiny-todoist\\server\\src\\server.ts:8:71\n    at new Promise (<anonymous>)\n    at __awaiter (E:\\my-project\\tiny-todoist\\server\\src\\server.ts:4:12)\n    at E:\\my-project\\tiny-todoist\\server\\src\\server.ts:17:13\n    at Object.<anonymous> (E:\\my-project\\tiny-todoist\\server\\src\\server.ts:31:3)\n    at Module._compile (node:internal/modules/cjs/loader:1358:14)\n    at Module._compile (E:\\my-project\\tiny-todoist\\server\\node_modules\\source-map-support\\source-map-support.js:568:25)\n    at Module.m._compile (C:\\Users\\Hp\\AppData\\Local\\Temp\\ts-node-dev-hook-3462648157467516.js:69:33)","timestamp":"2025-08-22 17:54:19"}
{"level":"info","message":"✅ Database connected successfully","service":"tiny-todoist-server","timestamp":"2025-08-22 17:54:22"}
{"level":"info","message":"Server running http://localhost:3000","service":"tiny-todoist-server","timestamp":"2025-08-22 17:54:22"}
{"level":"info","message":"✅ Database connected successfully","service":"tiny-todoist-server","timestamp":"2025-08-22 17:54:28"}
{"level":"info","message":"Server running http://localhost:3000","service":"tiny-todoist-server","timestamp":"2025-08-22 17:54:28"}
{"level":"info","message":"✅ Database connected successfully","service":"tiny-todoist-server","timestamp":"2025-08-22 17:54:29"}
{"level":"info","message":"Server running http://localhost:3000","service":"tiny-todoist-server","timestamp":"2025-08-22 17:54:29"}
{"level":"info","message":"✅ Database connected successfully","service":"tiny-todoist-server","timestamp":"2025-08-22 17:54:34"}
{"level":"info","message":"Server running http://localhost:3000","service":"tiny-todoist-server","timestamp":"2025-08-22 17:54:34"}
{"level":"info","message":"✅ Database connected successfully","service":"tiny-todoist-server","timestamp":"2025-08-22 17:54:36"}
{"level":"info","message":"Server running http://localhost:3000","service":"tiny-todoist-server","timestamp":"2025-08-22 17:54:36"}
{"level":"info","message":"✅ Database connected successfully","service":"tiny-todoist-server","timestamp":"2025-08-22 17:54:39"}
{"level":"info","message":"Server running http://localhost:3000","service":"tiny-todoist-server","timestamp":"2025-08-22 17:54:39"}
{"level":"info","message":"✅ Database connected successfully","service":"tiny-todoist-server","timestamp":"2025-08-22 17:57:30"}
{"level":"info","message":"Server running http://localhost:3000","service":"tiny-todoist-server","timestamp":"2025-08-22 17:57:30"}
{"level":"info","message":"✅ Database connected successfully","service":"tiny-todoist-server","timestamp":"2025-08-22 17:59:55"}
{"level":"info","message":"Server running http://localhost:3000","service":"tiny-todoist-server","timestamp":"2025-08-22 17:59:55"}
{"level":"info","message":"SIGINT/SIGTERM received. Shutting down gracefully...","service":"tiny-todoist-server","timestamp":"2025-08-22 18:00:01"}
{"level":"info","message":"✅ Database connected successfully","service":"tiny-todoist-server","timestamp":"2025-08-22 18:03:42"}
{"level":"info","message":"Server running http://localhost:3000","service":"tiny-todoist-server","timestamp":"2025-08-22 18:03:42"}
{"level":"info","message":"✅ Database connected successfully","service":"tiny-todoist-server","timestamp":"2025-08-22 18:04:32"}
{"level":"info","message":"Server running http://localhost:3000","service":"tiny-todoist-server","timestamp":"2025-08-22 18:04:32"}
{"level":"info","message":"✅ Database connected successfully","service":"tiny-todoist-server","timestamp":"2025-08-22 18:05:22"}
{"level":"info","message":"Server running http://localhost:3000","service":"tiny-todoist-server","timestamp":"2025-08-22 18:05:22"}
{"level":"info","message":"✅ Database connected successfully","service":"tiny-todoist-server","timestamp":"2025-08-22 18:05:53"}
{"level":"info","message":"Server running http://localhost:3000","service":"tiny-todoist-server","timestamp":"2025-08-22 18:05:53"}
{"level":"info","message":"✅ Database connected successfully","service":"tiny-todoist-server","timestamp":"2025-08-22 18:06:01"}
{"level":"info","message":"Server running http://localhost:3000","service":"tiny-todoist-server","timestamp":"2025-08-22 18:06:01"}
{"level":"info","message":"✅ Database connected successfully","service":"tiny-todoist-server","timestamp":"2025-08-22 18:08:02"}
{"level":"info","message":"Server running http://localhost:3000","service":"tiny-todoist-server","timestamp":"2025-08-22 18:08:02"}
{"level":"info","message":"✅ Database connected successfully","service":"tiny-todoist-server","timestamp":"2025-08-22 18:08:09"}
{"level":"info","message":"Server running http://localhost:3000","service":"tiny-todoist-server","timestamp":"2025-08-22 18:08:09"}
{"level":"info","message":"✅ Database connected successfully","service":"tiny-todoist-server","timestamp":"2025-08-22 18:08:13"}
{"level":"info","message":"Server running http://localhost:3000","service":"tiny-todoist-server","timestamp":"2025-08-22 18:08:13"}
{"level":"info","message":"SIGINT/SIGTERM received. Shutting down gracefully...","service":"tiny-todoist-server","timestamp":"2025-08-22 18:08:54"}
{"level":"info","message":"✅ Database connected successfully","service":"tiny-todoist-server","timestamp":"2025-08-22 19:19:19"}
{"level":"info","message":"Server running http://localhost:3000","service":"tiny-todoist-server","timestamp":"2025-08-22 19:19:19"}
{"errors":[{"field":"email","message":"Email is required"},{"field":"email","message":"Please enter a valid email address."},{"field":"password","message":"Password is required"},{"field":"password","message":"Minimum 8 characters"}],"level":"warn","message":"Validation error occurred","path":"/api/v1/auth/register","service":"tiny-todoist-server","timestamp":"2025-08-22 19:19:32"}
{"level":"info","message":"✅ Database connected successfully","service":"tiny-todoist-server","timestamp":"2025-08-22 19:21:28"}
{"level":"info","message":"Server running http://localhost:3000","service":"tiny-todoist-server","timestamp":"2025-08-22 19:21:28"}
{"level":"info","message":"✅ Database connected successfully","service":"tiny-todoist-server","timestamp":"2025-08-22 20:51:02"}
{"level":"info","message":"Server running http://localhost:3000","service":"tiny-todoist-server","timestamp":"2025-08-22 20:51:02"}
{"level":"info","message":"✅ Database connected successfully","service":"tiny-todoist-server","timestamp":"2025-08-22 20:58:22"}
{"level":"info","message":"Server running http://localhost:3000","service":"tiny-todoist-server","timestamp":"2025-08-22 20:58:22"}
{"level":"info","message":"✅ Database connected successfully","service":"tiny-todoist-server","timestamp":"2025-08-22 20:58:25"}
{"level":"info","message":"Server running http://localhost:3000","service":"tiny-todoist-server","timestamp":"2025-08-22 20:58:25"}
{"level":"info","message":"✅ Database connected successfully","service":"tiny-todoist-server","timestamp":"2025-08-22 20:58:26"}
{"level":"info","message":"Server running http://localhost:3000","service":"tiny-todoist-server","timestamp":"2025-08-22 20:58:26"}
{"level":"info","message":"✅ Database connected successfully","service":"tiny-todoist-server","timestamp":"2025-08-22 20:58:30"}
{"level":"info","message":"Server running http://localhost:3000","service":"tiny-todoist-server","timestamp":"2025-08-22 20:58:30"}
{"level":"info","message":"✅ Database connected successfully","service":"tiny-todoist-server","timestamp":"2025-08-22 20:58:35"}
{"level":"info","message":"Server running http://localhost:3000","service":"tiny-todoist-server","timestamp":"2025-08-22 20:58:35"}
{"level":"info","message":"✅ Database connected successfully","service":"tiny-todoist-server","timestamp":"2025-08-22 20:58:45"}
{"level":"info","message":"Server running http://localhost:3000","service":"tiny-todoist-server","timestamp":"2025-08-22 20:58:45"}
{"level":"info","message":"✅ Database connected successfully","service":"tiny-todoist-server","timestamp":"2025-08-22 20:59:52"}
{"level":"info","message":"Server running http://localhost:3000","service":"tiny-todoist-server","timestamp":"2025-08-22 20:59:52"}
{"level":"info","message":"✅ Database connected successfully","service":"tiny-todoist-server","timestamp":"2025-08-22 20:59:54"}
{"level":"info","message":"Server running http://localhost:3000","service":"tiny-todoist-server","timestamp":"2025-08-22 20:59:54"}
{"level":"info","message":"✅ Database connected successfully","service":"tiny-todoist-server","timestamp":"2025-08-22 20:59:57"}
{"level":"info","message":"Server running http://localhost:3000","service":"tiny-todoist-server","timestamp":"2025-08-22 20:59:57"}
{"level":"info","message":"✅ Database connected successfully","service":"tiny-todoist-server","timestamp":"2025-08-22 21:00:03"}
{"level":"info","message":"Server running http://localhost:3000","service":"tiny-todoist-server","timestamp":"2025-08-22 21:00:03"}
{"level":"info","message":"✅ Database connected successfully","service":"tiny-todoist-server","timestamp":"2025-08-22 21:00:05"}
{"level":"info","message":"Server running http://localhost:3000","service":"tiny-todoist-server","timestamp":"2025-08-22 21:00:05"}
{"level":"info","message":"✅ Database connected successfully","service":"tiny-todoist-server","timestamp":"2025-08-22 21:00:40"}
{"level":"info","message":"Server running http://localhost:3000","service":"tiny-todoist-server","timestamp":"2025-08-22 21:00:40"}
{"level":"info","message":"✅ Database connected successfully","service":"tiny-todoist-server","timestamp":"2025-08-22 21:00:47"}
{"level":"info","message":"Server running http://localhost:3000","service":"tiny-todoist-server","timestamp":"2025-08-22 21:00:47"}
{"level":"info","message":"✅ Database connected successfully","service":"tiny-todoist-server","timestamp":"2025-08-22 21:00:54"}
{"level":"info","message":"Server running http://localhost:3000","service":"tiny-todoist-server","timestamp":"2025-08-22 21:00:54"}
{"level":"info","message":"✅ Database connected successfully","service":"tiny-todoist-server","timestamp":"2025-08-22 21:01:13"}
{"level":"info","message":"Server running http://localhost:3000","service":"tiny-todoist-server","timestamp":"2025-08-22 21:01:13"}
{"level":"info","message":"✅ Database connected successfully","service":"tiny-todoist-server","timestamp":"2025-08-22 21:01:17"}
{"level":"info","message":"Server running http://localhost:3000","service":"tiny-todoist-server","timestamp":"2025-08-22 21:01:17"}
{"level":"info","message":"✅ Database connected successfully","service":"tiny-todoist-server","timestamp":"2025-08-22 21:01:18"}
{"level":"info","message":"Server running http://localhost:3000","service":"tiny-todoist-server","timestamp":"2025-08-22 21:01:18"}
{"level":"info","message":"✅ Database connected successfully","service":"tiny-todoist-server","timestamp":"2025-08-22 21:01:33"}
{"level":"info","message":"Server running http://localhost:3000","service":"tiny-todoist-server","timestamp":"2025-08-22 21:01:33"}
{"level":"info","message":"✅ Database connected successfully","service":"tiny-todoist-server","timestamp":"2025-08-22 21:01:39"}
{"level":"info","message":"Server running http://localhost:3000","service":"tiny-todoist-server","timestamp":"2025-08-22 21:01:39"}
{"level":"info","message":"✅ Database connected successfully","service":"tiny-todoist-server","timestamp":"2025-08-22 21:01:41"}
{"level":"info","message":"Server running http://localhost:3000","service":"tiny-todoist-server","timestamp":"2025-08-22 21:01:41"}
{"level":"info","message":"✅ Database connected successfully","service":"tiny-todoist-server","timestamp":"2025-08-22 21:02:00"}
{"level":"info","message":"Server running http://localhost:3000","service":"tiny-todoist-server","timestamp":"2025-08-22 21:02:00"}
{"level":"info","message":"✅ Database connected successfully","service":"tiny-todoist-server","timestamp":"2025-08-22 21:02:04"}
{"level":"info","message":"Server running http://localhost:3000","service":"tiny-todoist-server","timestamp":"2025-08-22 21:02:04"}
{"level":"info","message":"✅ Database connected successfully","service":"tiny-todoist-server","timestamp":"2025-08-22 21:02:11"}
{"level":"info","message":"Server running http://localhost:3000","service":"tiny-todoist-server","timestamp":"2025-08-22 21:02:11"}
{"level":"info","message":"✅ Database connected successfully","service":"tiny-todoist-server","timestamp":"2025-08-22 21:02:17"}
{"level":"info","message":"Server running http://localhost:3000","service":"tiny-todoist-server","timestamp":"2025-08-22 21:02:17"}
{"level":"info","message":"✅ Database connected successfully","service":"tiny-todoist-server","timestamp":"2025-08-22 21:02:39"}
{"level":"info","message":"Server running http://localhost:3000","service":"tiny-todoist-server","timestamp":"2025-08-22 21:02:39"}
{"level":"info","message":"✅ Database connected successfully","service":"tiny-todoist-server","timestamp":"2025-08-22 21:02:42"}
{"level":"info","message":"Server running http://localhost:3000","service":"tiny-todoist-server","timestamp":"2025-08-22 21:02:42"}
{"level":"info","message":"✅ Database connected successfully","service":"tiny-todoist-server","timestamp":"2025-08-22 21:02:45"}
{"level":"info","message":"Server running http://localhost:3000","service":"tiny-todoist-server","timestamp":"2025-08-22 21:02:45"}
{"level":"info","message":"✅ Database connected successfully","service":"tiny-todoist-server","timestamp":"2025-08-22 21:02:56"}
{"level":"info","message":"Server running http://localhost:3000","service":"tiny-todoist-server","timestamp":"2025-08-22 21:02:56"}
{"level":"info","message":"✅ Database connected successfully","service":"tiny-todoist-server","timestamp":"2025-08-22 21:03:00"}
{"level":"info","message":"Server running http://localhost:3000","service":"tiny-todoist-server","timestamp":"2025-08-22 21:03:00"}
{"level":"info","message":"✅ Database connected successfully","service":"tiny-todoist-server","timestamp":"2025-08-22 21:03:01"}
{"level":"info","message":"Server running http://localhost:3000","service":"tiny-todoist-server","timestamp":"2025-08-22 21:03:01"}
{"level":"info","message":"✅ Database connected successfully","service":"tiny-todoist-server","timestamp":"2025-08-22 21:03:12"}
{"level":"info","message":"Server running http://localhost:3000","service":"tiny-todoist-server","timestamp":"2025-08-22 21:03:12"}
{"level":"info","message":"✅ Database connected successfully","service":"tiny-todoist-server","timestamp":"2025-08-22 21:03:16"}
{"level":"info","message":"✅ Database connected successfully","service":"tiny-todoist-server","timestamp":"2025-08-22 21:03:16"}
{"level":"info","message":"Server running http://localhost:3000","service":"tiny-todoist-server","timestamp":"2025-08-22 21:03:16"}
{"level":"info","message":"✅ Database connected successfully","service":"tiny-todoist-server","timestamp":"2025-08-22 21:03:22"}
{"level":"info","message":"Server running http://localhost:3000","service":"tiny-todoist-server","timestamp":"2025-08-22 21:03:22"}
{"level":"info","message":"✅ Database connected successfully","service":"tiny-todoist-server","timestamp":"2025-08-22 21:03:32"}
{"level":"info","message":"Server running http://localhost:3000","service":"tiny-todoist-server","timestamp":"2025-08-22 21:03:32"}
{"level":"info","message":"✅ Database connected successfully","service":"tiny-todoist-server","timestamp":"2025-08-22 21:03:34"}
{"level":"info","message":"Server running http://localhost:3000","service":"tiny-todoist-server","timestamp":"2025-08-22 21:03:34"}
{"level":"info","message":"✅ Database connected successfully","service":"tiny-todoist-server","timestamp":"2025-08-22 21:03:37"}
{"level":"info","message":"Server running http://localhost:3000","service":"tiny-todoist-server","timestamp":"2025-08-22 21:03:37"}
{"level":"info","message":"✅ Database connected successfully","service":"tiny-todoist-server","timestamp":"2025-08-22 21:03:38"}
{"level":"info","message":"Server running http://localhost:3000","service":"tiny-todoist-server","timestamp":"2025-08-22 21:03:38"}
{"level":"info","message":"✅ Database connected successfully","service":"tiny-todoist-server","timestamp":"2025-08-22 21:03:59"}
{"level":"info","message":"Server running http://localhost:3000","service":"tiny-todoist-server","timestamp":"2025-08-22 21:03:59"}
{"level":"info","message":"✅ Database connected successfully","service":"tiny-todoist-server","timestamp":"2025-08-22 21:04:12"}
{"level":"info","message":"Server running http://localhost:3000","service":"tiny-todoist-server","timestamp":"2025-08-22 21:04:12"}
{"level":"info","message":"✅ Database connected successfully","service":"tiny-todoist-server","timestamp":"2025-08-22 21:04:13"}
{"level":"info","message":"Server running http://localhost:3000","service":"tiny-todoist-server","timestamp":"2025-08-22 21:04:13"}
{"level":"info","message":"✅ Database connected successfully","service":"tiny-todoist-server","timestamp":"2025-08-22 21:04:18"}
{"level":"info","message":"Server running http://localhost:3000","service":"tiny-todoist-server","timestamp":"2025-08-22 21:04:18"}
{"level":"info","message":"✅ Database connected successfully","service":"tiny-todoist-server","timestamp":"2025-08-22 21:04:25"}
{"level":"info","message":"Server running http://localhost:3000","service":"tiny-todoist-server","timestamp":"2025-08-22 21:04:25"}
{"level":"info","message":"✅ Database connected successfully","service":"tiny-todoist-server","timestamp":"2025-08-22 21:04:53"}
{"level":"info","message":"Server running http://localhost:3000","service":"tiny-todoist-server","timestamp":"2025-08-22 21:04:53"}
{"level":"info","message":"✅ Database connected successfully","service":"tiny-todoist-server","timestamp":"2025-08-22 21:05:05"}
{"level":"info","message":"Server running http://localhost:3000","service":"tiny-todoist-server","timestamp":"2025-08-22 21:05:05"}
{"level":"info","message":"✅ Database connected successfully","service":"tiny-todoist-server","timestamp":"2025-08-22 21:05:09"}
{"level":"info","message":"Server running http://localhost:3000","service":"tiny-todoist-server","timestamp":"2025-08-22 21:05:09"}
{"level":"info","message":"✅ Database connected successfully","service":"tiny-todoist-server","timestamp":"2025-08-22 21:05:39"}
{"level":"info","message":"Server running http://localhost:3000","service":"tiny-todoist-server","timestamp":"2025-08-22 21:05:39"}
{"level":"info","message":"✅ Database connected successfully","service":"tiny-todoist-server","timestamp":"2025-08-22 21:05:40"}
{"level":"info","message":"Server running http://localhost:3000","service":"tiny-todoist-server","timestamp":"2025-08-22 21:05:40"}
{"level":"info","message":"✅ Database connected successfully","service":"tiny-todoist-server","timestamp":"2025-08-22 21:05:46"}
{"level":"info","message":"Server running http://localhost:3000","service":"tiny-todoist-server","timestamp":"2025-08-22 21:05:46"}
{"level":"info","message":"✅ Database connected successfully","service":"tiny-todoist-server","timestamp":"2025-08-22 21:05:50"}
{"level":"info","message":"Server running http://localhost:3000","service":"tiny-todoist-server","timestamp":"2025-08-22 21:05:50"}
{"level":"info","message":"✅ Database connected successfully","service":"tiny-todoist-server","timestamp":"2025-08-22 21:05:57"}
{"level":"info","message":"Server running http://localhost:3000","service":"tiny-todoist-server","timestamp":"2025-08-22 21:05:57"}
{"level":"info","message":"✅ Database connected successfully","service":"tiny-todoist-server","timestamp":"2025-08-22 21:06:07"}
{"level":"info","message":"Server running http://localhost:3000","service":"tiny-todoist-server","timestamp":"2025-08-22 21:06:07"}
{"level":"info","message":"✅ Database connected successfully","service":"tiny-todoist-server","timestamp":"2025-08-22 21:06:09"}
{"level":"info","message":"Server running http://localhost:3000","service":"tiny-todoist-server","timestamp":"2025-08-22 21:06:09"}
{"level":"info","message":"✅ Database connected successfully","service":"tiny-todoist-server","timestamp":"2025-08-22 21:06:11"}
{"level":"info","message":"Server running http://localhost:3000","service":"tiny-todoist-server","timestamp":"2025-08-22 21:06:11"}
{"level":"info","message":"✅ Database connected successfully","service":"tiny-todoist-server","timestamp":"2025-08-22 21:06:13"}
{"level":"info","message":"Server running http://localhost:3000","service":"tiny-todoist-server","timestamp":"2025-08-22 21:06:13"}
{"level":"info","message":"✅ Database connected successfully","service":"tiny-todoist-server","timestamp":"2025-08-22 21:06:16"}
{"level":"info","message":"Server running http://localhost:3000","service":"tiny-todoist-server","timestamp":"2025-08-22 21:06:16"}
{"level":"info","message":"✅ Database connected successfully","service":"tiny-todoist-server","timestamp":"2025-08-22 21:06:21"}
{"level":"info","message":"Server running http://localhost:3000","service":"tiny-todoist-server","timestamp":"2025-08-22 21:06:21"}
{"level":"info","message":"✅ Database connected successfully","service":"tiny-todoist-server","timestamp":"2025-08-22 21:06:24"}
{"level":"info","message":"Server running http://localhost:3000","service":"tiny-todoist-server","timestamp":"2025-08-22 21:06:24"}
{"level":"info","message":"✅ Database connected successfully","service":"tiny-todoist-server","timestamp":"2025-08-22 21:06:53"}
{"level":"info","message":"Server running http://localhost:3000","service":"tiny-todoist-server","timestamp":"2025-08-22 21:06:53"}
{"level":"info","message":"✅ Database connected successfully","service":"tiny-todoist-server","timestamp":"2025-08-22 21:06:56"}
{"level":"info","message":"Server running http://localhost:3000","service":"tiny-todoist-server","timestamp":"2025-08-22 21:06:56"}
{"level":"info","message":"✅ Database connected successfully","service":"tiny-todoist-server","timestamp":"2025-08-22 21:07:02"}
{"level":"info","message":"Server running http://localhost:3000","service":"tiny-todoist-server","timestamp":"2025-08-22 21:07:02"}
{"level":"info","message":"✅ Database connected successfully","service":"tiny-todoist-server","timestamp":"2025-08-22 21:07:05"}
{"level":"info","message":"Server running http://localhost:3000","service":"tiny-todoist-server","timestamp":"2025-08-22 21:07:05"}
{"level":"info","message":"✅ Database connected successfully","service":"tiny-todoist-server","timestamp":"2025-08-22 21:07:14"}
{"level":"info","message":"Server running http://localhost:3000","service":"tiny-todoist-server","timestamp":"2025-08-22 21:07:14"}
{"level":"info","message":"✅ Database connected successfully","service":"tiny-todoist-server","timestamp":"2025-08-22 21:07:16"}
{"level":"info","message":"Server running http://localhost:3000","service":"tiny-todoist-server","timestamp":"2025-08-22 21:07:16"}
{"level":"info","message":"✅ Database connected successfully","service":"tiny-todoist-server","timestamp":"2025-08-22 21:07:25"}
{"level":"info","message":"Server running http://localhost:3000","service":"tiny-todoist-server","timestamp":"2025-08-22 21:07:25"}
{"level":"info","message":"✅ Database connected successfully","service":"tiny-todoist-server","timestamp":"2025-08-22 21:07:27"}
{"level":"info","message":"Server running http://localhost:3000","service":"tiny-todoist-server","timestamp":"2025-08-22 21:07:27"}
{"level":"info","message":"✅ Database connected successfully","service":"tiny-todoist-server","timestamp":"2025-08-22 21:07:33"}
{"level":"info","message":"Server running http://localhost:3000","service":"tiny-todoist-server","timestamp":"2025-08-22 21:07:33"}
{"level":"info","message":"✅ Database connected successfully","service":"tiny-todoist-server","timestamp":"2025-08-22 21:07:57"}
{"level":"info","message":"Server running http://localhost:3000","service":"tiny-todoist-server","timestamp":"2025-08-22 21:07:57"}
{"level":"info","message":"✅ Database connected successfully","service":"tiny-todoist-server","timestamp":"2025-08-22 21:08:21"}
{"level":"info","message":"Server running http://localhost:3000","service":"tiny-todoist-server","timestamp":"2025-08-22 21:08:21"}
{"level":"info","message":"✅ Database connected successfully","service":"tiny-todoist-server","timestamp":"2025-08-22 21:08:28"}
{"level":"info","message":"Server running http://localhost:3000","service":"tiny-todoist-server","timestamp":"2025-08-22 21:08:28"}
{"level":"info","message":"✅ Database connected successfully","service":"tiny-todoist-server","timestamp":"2025-08-22 21:08:29"}
{"level":"info","message":"Server running http://localhost:3000","service":"tiny-todoist-server","timestamp":"2025-08-22 21:08:29"}
{"level":"info","message":"✅ Database connected successfully","service":"tiny-todoist-server","timestamp":"2025-08-22 21:08:34"}
{"level":"info","message":"Server running http://localhost:3000","service":"tiny-todoist-server","timestamp":"2025-08-22 21:08:34"}
{"level":"info","message":"✅ Database connected successfully","service":"tiny-todoist-server","timestamp":"2025-08-22 21:08:38"}
{"level":"info","message":"Server running http://localhost:3000","service":"tiny-todoist-server","timestamp":"2025-08-22 21:08:38"}
{"level":"info","message":"✅ Database connected successfully","service":"tiny-todoist-server","timestamp":"2025-08-22 21:08:48"}
{"level":"info","message":"Server running http://localhost:3000","service":"tiny-todoist-server","timestamp":"2025-08-22 21:08:48"}
{"level":"info","message":"✅ Database connected successfully","service":"tiny-todoist-server","timestamp":"2025-08-22 21:09:03"}
{"level":"info","message":"Server running http://localhost:3000","service":"tiny-todoist-server","timestamp":"2025-08-22 21:09:03"}
{"level":"info","message":"✅ Database connected successfully","service":"tiny-todoist-server","timestamp":"2025-08-22 21:09:05"}
{"level":"info","message":"Server running http://localhost:3000","service":"tiny-todoist-server","timestamp":"2025-08-22 21:09:05"}
{"level":"info","message":"✅ Database connected successfully","service":"tiny-todoist-server","timestamp":"2025-08-22 21:09:21"}
{"level":"info","message":"Server running http://localhost:3000","service":"tiny-todoist-server","timestamp":"2025-08-22 21:09:21"}
{"level":"info","message":"✅ Database connected successfully","service":"tiny-todoist-server","timestamp":"2025-08-22 21:09:23"}
{"level":"info","message":"Server running http://localhost:3000","service":"tiny-todoist-server","timestamp":"2025-08-22 21:09:23"}
{"level":"info","message":"✅ Database connected successfully","service":"tiny-todoist-server","timestamp":"2025-08-22 21:09:26"}
{"level":"info","message":"Server running http://localhost:3000","service":"tiny-todoist-server","timestamp":"2025-08-22 21:09:26"}
{"level":"info","message":"✅ Database connected successfully","service":"tiny-todoist-server","timestamp":"2025-08-22 21:09:29"}
{"level":"info","message":"Server running http://localhost:3000","service":"tiny-todoist-server","timestamp":"2025-08-22 21:09:29"}
{"level":"info","message":"✅ Database connected successfully","service":"tiny-todoist-server","timestamp":"2025-08-22 21:09:35"}
{"level":"info","message":"Server running http://localhost:3000","service":"tiny-todoist-server","timestamp":"2025-08-22 21:09:35"}
{"level":"info","message":"✅ Database connected successfully","service":"tiny-todoist-server","timestamp":"2025-08-22 21:09:43"}
{"level":"info","message":"Server running http://localhost:3000","service":"tiny-todoist-server","timestamp":"2025-08-22 21:09:43"}
{"level":"error","message":"Error generating tokens: invalid expiresIn option for string payload","service":"tiny-todoist-server","stack":"Error: invalid expiresIn option for string payload\n    at Object.module.exports [as sign] (E:\\my-project\\tiny-todoist\\server\\node_modules\\jsonwebtoken\\sign.js:158:22)\n    at generateTokens (E:\\my-project\\tiny-todoist\\server\\src\\lib\\jwt.ts:23:29)\n    at E:\\my-project\\tiny-todoist\\server\\src\\controllers\\auth.controller.ts:34:59\n    at Generator.next (<anonymous>)\n    at fulfilled (E:\\my-project\\tiny-todoist\\server\\src\\controllers\\auth.controller.ts:5:58)","timestamp":"2025-08-22 21:10:13"}
{"error":"Failed to generate authentication tokens","level":"error","message":"Unexpected error occurred","path":"/api/v1/auth/register","service":"tiny-todoist-server","stack":"Error: Failed to generate authentication tokens\n    at generateTokens (E:\\my-project\\tiny-todoist\\server\\src\\lib\\jwt.ts:37:11)\n    at E:\\my-project\\tiny-todoist\\server\\src\\controllers\\auth.controller.ts:34:59\n    at Generator.next (<anonymous>)\n    at fulfilled (E:\\my-project\\tiny-todoist\\server\\src\\controllers\\auth.controller.ts:5:58)","timestamp":"2025-08-22 21:10:13"}
{"level":"info","message":"✅ Database connected successfully","service":"tiny-todoist-server","timestamp":"2025-08-22 21:11:55"}
{"level":"info","message":"Server running http://localhost:3000","service":"tiny-todoist-server","timestamp":"2025-08-22 21:11:55"}
{"level":"info","message":"✅ Database connected successfully","service":"tiny-todoist-server","timestamp":"2025-08-22 21:12:04"}
{"level":"info","message":"Server running http://localhost:3000","service":"tiny-todoist-server","timestamp":"2025-08-22 21:12:04"}
{"level":"info","message":"✅ Database connected successfully","service":"tiny-todoist-server","timestamp":"2025-08-22 21:12:21"}
{"level":"info","message":"Server running http://localhost:3000","service":"tiny-todoist-server","timestamp":"2025-08-22 21:12:21"}
{"level":"info","message":"✅ Database connected successfully","service":"tiny-todoist-server","timestamp":"2025-08-22 21:12:25"}
{"level":"info","message":"Server running http://localhost:3000","service":"tiny-todoist-server","timestamp":"2025-08-22 21:12:25"}
{"level":"error","message":"Error generating tokens: invalid expiresIn option for string payload","service":"tiny-todoist-server","stack":"Error: invalid expiresIn option for string payload\n    at Object.module.exports [as sign] (E:\\my-project\\tiny-todoist\\server\\node_modules\\jsonwebtoken\\sign.js:158:22)\n    at generateTokens (E:\\my-project\\tiny-todoist\\server\\src\\lib\\jwt.ts:24:29)\n    at E:\\my-project\\tiny-todoist\\server\\src\\controllers\\auth.controller.ts:34:59\n    at Generator.next (<anonymous>)\n    at fulfilled (E:\\my-project\\tiny-todoist\\server\\src\\controllers\\auth.controller.ts:5:58)","timestamp":"2025-08-22 21:12:55"}
{"error":"Failed to generate authentication tokens","level":"error","message":"Unexpected error occurred","path":"/api/v1/auth/register","service":"tiny-todoist-server","stack":"Error: Failed to generate authentication tokens\n    at generateTokens (E:\\my-project\\tiny-todoist\\server\\src\\lib\\jwt.ts:38:11)\n    at E:\\my-project\\tiny-todoist\\server\\src\\controllers\\auth.controller.ts:34:59\n    at Generator.next (<anonymous>)\n    at fulfilled (E:\\my-project\\tiny-todoist\\server\\src\\controllers\\auth.controller.ts:5:58)","timestamp":"2025-08-22 21:12:55"}
{"level":"info","message":"✅ Database connected successfully","service":"tiny-todoist-server","timestamp":"2025-08-22 21:13:39"}
{"level":"info","message":"Server running http://localhost:3000","service":"tiny-todoist-server","timestamp":"2025-08-22 21:13:39"}
{"level":"info","message":"✅ Database connected successfully","service":"tiny-todoist-server","timestamp":"2025-08-22 21:13:42"}
{"level":"info","message":"Server running http://localhost:3000","service":"tiny-todoist-server","timestamp":"2025-08-22 21:13:42"}
{"level":"info","message":"✅ Database connected successfully","service":"tiny-todoist-server","timestamp":"2025-08-22 21:13:48"}
{"level":"info","message":"Server running http://localhost:3000","service":"tiny-todoist-server","timestamp":"2025-08-22 21:13:48"}
{"level":"info","message":"✅ Database connected successfully","service":"tiny-todoist-server","timestamp":"2025-08-22 21:13:55"}
{"level":"info","message":"Server running http://localhost:3000","service":"tiny-todoist-server","timestamp":"2025-08-22 21:13:55"}
{"level":"info","message":"✅ Database connected successfully","service":"tiny-todoist-server","timestamp":"2025-08-22 21:14:01"}
{"level":"info","message":"Server running http://localhost:3000","service":"tiny-todoist-server","timestamp":"2025-08-22 21:14:01"}
{"level":"error","message":"Error generating tokens: invalid expiresIn option for string payload","service":"tiny-todoist-server","stack":"Error: invalid expiresIn option for string payload\n    at Object.module.exports [as sign] (E:\\my-project\\tiny-todoist\\server\\node_modules\\jsonwebtoken\\sign.js:158:22)\n    at generateTokens (E:\\my-project\\tiny-todoist\\server\\src\\lib\\jwt.ts:24:29)\n    at E:\\my-project\\tiny-todoist\\server\\src\\controllers\\auth.controller.ts:34:59\n    at Generator.next (<anonymous>)\n    at fulfilled (E:\\my-project\\tiny-todoist\\server\\src\\controllers\\auth.controller.ts:5:58)","timestamp":"2025-08-22 21:14:09"}
{"error":"Failed to generate authentication tokens","level":"error","message":"Unexpected error occurred","path":"/api/v1/auth/register","service":"tiny-todoist-server","stack":"Error: Failed to generate authentication tokens\n    at generateTokens (E:\\my-project\\tiny-todoist\\server\\src\\lib\\jwt.ts:38:11)\n    at E:\\my-project\\tiny-todoist\\server\\src\\controllers\\auth.controller.ts:34:59\n    at Generator.next (<anonymous>)\n    at fulfilled (E:\\my-project\\tiny-todoist\\server\\src\\controllers\\auth.controller.ts:5:58)","timestamp":"2025-08-22 21:14:09"}
{"level":"info","message":"✅ Database connected successfully","service":"tiny-todoist-server","timestamp":"2025-08-22 21:14:28"}
{"level":"info","message":"Server running http://localhost:3000","service":"tiny-todoist-server","timestamp":"2025-08-22 21:14:28"}
{"level":"info","message":"✅ Database connected successfully","service":"tiny-todoist-server","timestamp":"2025-08-22 21:14:32"}
{"level":"info","message":"Server running http://localhost:3000","service":"tiny-todoist-server","timestamp":"2025-08-22 21:14:32"}
{"level":"info","message":"✅ Database connected successfully","service":"tiny-todoist-server","timestamp":"2025-08-22 21:14:33"}
{"level":"info","message":"Server running http://localhost:3000","service":"tiny-todoist-server","timestamp":"2025-08-22 21:14:33"}
{"level":"error","message":"Error generating tokens: invalid expiresIn option for string payload","service":"tiny-todoist-server","stack":"Error: invalid expiresIn option for string payload\n    at Object.module.exports [as sign] (E:\\my-project\\tiny-todoist\\server\\node_modules\\jsonwebtoken\\sign.js:158:22)\n    at generateTokens (E:\\my-project\\tiny-todoist\\server\\src\\lib\\jwt.ts:24:29)\n    at E:\\my-project\\tiny-todoist\\server\\src\\controllers\\auth.controller.ts:34:59\n    at Generator.next (<anonymous>)\n    at fulfilled (E:\\my-project\\tiny-todoist\\server\\src\\controllers\\auth.controller.ts:5:58)","timestamp":"2025-08-22 21:14:40"}
{"error":"Failed to generate authentication tokens","level":"error","message":"Unexpected error occurred","path":"/api/v1/auth/register","service":"tiny-todoist-server","stack":"Error: Failed to generate authentication tokens\n    at generateTokens (E:\\my-project\\tiny-todoist\\server\\src\\lib\\jwt.ts:38:11)\n    at E:\\my-project\\tiny-todoist\\server\\src\\controllers\\auth.controller.ts:34:59\n    at Generator.next (<anonymous>)\n    at fulfilled (E:\\my-project\\tiny-todoist\\server\\src\\controllers\\auth.controller.ts:5:58)","timestamp":"2025-08-22 21:14:40"}
{"level":"info","message":"✅ Database connected successfully","service":"tiny-todoist-server","timestamp":"2025-08-22 21:15:03"}
{"level":"info","message":"Server running http://localhost:3000","service":"tiny-todoist-server","timestamp":"2025-08-22 21:15:03"}
{"level":"info","message":"✅ Database connected successfully","service":"tiny-todoist-server","timestamp":"2025-08-22 21:15:05"}
{"level":"info","message":"Server running http://localhost:3000","service":"tiny-todoist-server","timestamp":"2025-08-22 21:15:05"}
{"level":"info","message":"✅ Database connected successfully","service":"tiny-todoist-server","timestamp":"2025-08-22 21:16:05"}
{"level":"info","message":"Server running http://localhost:3000","service":"tiny-todoist-server","timestamp":"2025-08-22 21:16:05"}
{"level":"info","message":"✅ Database connected successfully","service":"tiny-todoist-server","timestamp":"2025-08-22 21:16:08"}
{"level":"info","message":"Server running http://localhost:3000","service":"tiny-todoist-server","timestamp":"2025-08-22 21:16:08"}
{"level":"info","message":"✅ Database connected successfully","service":"tiny-todoist-server","timestamp":"2025-08-22 21:16:22"}
{"level":"info","message":"Server running http://localhost:3000","service":"tiny-todoist-server","timestamp":"2025-08-22 21:16:22"}
{"clientVersion":"6.14.0","errorCode":"P1001","level":"error","message":"❌ Database connection failed: Can't reach database server at `aws-1-ap-southeast-1.pooler.supabase.com:6543`\n\nPlease make sure your database server is running at `aws-1-ap-southeast-1.pooler.supabase.com:6543`.","name":"PrismaClientInitializationError","service":"tiny-todoist-server","stack":"PrismaClientInitializationError: Can't reach database server at `aws-1-ap-southeast-1.pooler.supabase.com:6543`\n\nPlease make sure your database server is running at `aws-1-ap-southeast-1.pooler.supabase.com:6543`.\n    at r (E:\\my-project\\tiny-todoist\\server\\node_modules\\@prisma\\client\\src\\runtime\\core\\engines\\library\\LibraryEngine.ts:440:17)","timestamp":"2025-08-22 21:17:08"}
{"level":"info","message":"✅ Database connected successfully","service":"tiny-todoist-server","timestamp":"2025-08-22 21:17:16"}
{"level":"info","message":"Server running http://localhost:3000","service":"tiny-todoist-server","timestamp":"2025-08-22 21:17:16"}
{"level":"info","message":"✅ Database connected successfully","service":"tiny-todoist-server","timestamp":"2025-08-22 21:17:20"}
{"level":"info","message":"Server running http://localhost:3000","service":"tiny-todoist-server","timestamp":"2025-08-22 21:17:20"}
{"level":"info","message":"✅ Database connected successfully","service":"tiny-todoist-server","timestamp":"2025-08-22 21:18:01"}
{"level":"info","message":"Server running http://localhost:3000","service":"tiny-todoist-server","timestamp":"2025-08-22 21:18:01"}
{"level":"info","message":"✅ Database connected successfully","service":"tiny-todoist-server","timestamp":"2025-08-22 21:18:06"}
{"level":"info","message":"Server running http://localhost:3000","service":"tiny-todoist-server","timestamp":"2025-08-22 21:18:06"}
{"level":"info","message":"✅ Database connected successfully","service":"tiny-todoist-server","timestamp":"2025-08-22 21:18:07"}
{"level":"info","message":"Server running http://localhost:3000","service":"tiny-todoist-server","timestamp":"2025-08-22 21:18:07"}
{"level":"info","message":"✅ Database connected successfully","service":"tiny-todoist-server","timestamp":"2025-08-22 21:18:38"}
{"level":"info","message":"Server running http://localhost:3000","service":"tiny-todoist-server","timestamp":"2025-08-22 21:18:38"}
{"level":"info","message":"✅ Database connected successfully","service":"tiny-todoist-server","timestamp":"2025-08-22 21:22:45"}
{"level":"info","message":"Server running http://localhost:3000","service":"tiny-todoist-server","timestamp":"2025-08-22 21:22:45"}
{"level":"info","message":"✅ Database connected successfully","service":"tiny-todoist-server","timestamp":"2025-08-22 21:22:49"}
{"level":"info","message":"Server running http://localhost:3000","service":"tiny-todoist-server","timestamp":"2025-08-22 21:22:49"}
{"level":"info","message":"✅ Database connected successfully","service":"tiny-todoist-server","timestamp":"2025-08-22 21:22:52"}
{"level":"info","message":"Server running http://localhost:3000","service":"tiny-todoist-server","timestamp":"2025-08-22 21:22:52"}
{"level":"info","message":"✅ Database connected successfully","service":"tiny-todoist-server","timestamp":"2025-08-22 21:22:56"}
{"level":"info","message":"Server running http://localhost:3000","service":"tiny-todoist-server","timestamp":"2025-08-22 21:22:56"}
{"level":"info","message":"✅ Database connected successfully","service":"tiny-todoist-server","timestamp":"2025-08-22 21:23:09"}
{"level":"info","message":"Server running http://localhost:3000","service":"tiny-todoist-server","timestamp":"2025-08-22 21:23:09"}
{"level":"info","message":"✅ Database connected successfully","service":"tiny-todoist-server","timestamp":"2025-08-22 21:25:42"}
{"level":"info","message":"Server running http://localhost:3000","service":"tiny-todoist-server","timestamp":"2025-08-22 21:25:42"}
{"level":"info","message":"✅ Database connected successfully","service":"tiny-todoist-server","timestamp":"2025-08-22 21:26:10"}
{"level":"info","message":"Server running http://localhost:3000","service":"tiny-todoist-server","timestamp":"2025-08-22 21:26:10"}
{"level":"info","message":"✅ Database connected successfully","service":"tiny-todoist-server","timestamp":"2025-08-22 21:26:23"}
{"level":"info","message":"Server running http://localhost:3000","service":"tiny-todoist-server","timestamp":"2025-08-22 21:26:23"}
{"level":"info","message":"✅ Database connected successfully","service":"tiny-todoist-server","timestamp":"2025-08-22 21:26:32"}
{"level":"info","message":"Server running http://localhost:3000","service":"tiny-todoist-server","timestamp":"2025-08-22 21:26:32"}
{"level":"info","message":"✅ Database connected successfully","service":"tiny-todoist-server","timestamp":"2025-08-22 21:26:35"}
{"level":"info","message":"Server running http://localhost:3000","service":"tiny-todoist-server","timestamp":"2025-08-22 21:26:35"}
{"level":"info","message":"✅ Database connected successfully","service":"tiny-todoist-server","timestamp":"2025-08-22 21:26:38"}
{"level":"info","message":"Server running http://localhost:3000","service":"tiny-todoist-server","timestamp":"2025-08-22 21:26:38"}
{"level":"info","message":"✅ Database connected successfully","service":"tiny-todoist-server","timestamp":"2025-08-22 21:26:40"}
{"level":"info","message":"Server running http://localhost:3000","service":"tiny-todoist-server","timestamp":"2025-08-22 21:26:40"}
{"level":"info","message":"✅ Database connected successfully","service":"tiny-todoist-server","timestamp":"2025-08-22 21:27:09"}
{"level":"info","message":"Server running http://localhost:3000","service":"tiny-todoist-server","timestamp":"2025-08-22 21:27:09"}
{"level":"info","message":"✅ Database connected successfully","service":"tiny-todoist-server","timestamp":"2025-08-22 21:27:13"}
{"level":"info","message":"Server running http://localhost:3000","service":"tiny-todoist-server","timestamp":"2025-08-22 21:27:13"}
{"level":"info","message":"✅ Database connected successfully","service":"tiny-todoist-server","timestamp":"2025-08-22 21:27:18"}
{"level":"info","message":"Server running http://localhost:3000","service":"tiny-todoist-server","timestamp":"2025-08-22 21:27:18"}
{"level":"info","message":"✅ Database connected successfully","service":"tiny-todoist-server","timestamp":"2025-08-22 21:27:25"}
{"level":"info","message":"Server running http://localhost:3000","service":"tiny-todoist-server","timestamp":"2025-08-22 21:27:25"}
{"level":"info","message":"✅ Database connected successfully","service":"tiny-todoist-server","timestamp":"2025-08-22 21:27:27"}
{"level":"info","message":"Server running http://localhost:3000","service":"tiny-todoist-server","timestamp":"2025-08-22 21:27:27"}
{"level":"info","message":"✅ Database connected successfully","service":"tiny-todoist-server","timestamp":"2025-08-22 21:27:42"}
{"level":"info","message":"Server running http://localhost:3000","service":"tiny-todoist-server","timestamp":"2025-08-22 21:27:42"}
{"level":"info","message":"✅ Database connected successfully","service":"tiny-todoist-server","timestamp":"2025-08-22 21:27:48"}
{"level":"info","message":"Server running http://localhost:3000","service":"tiny-todoist-server","timestamp":"2025-08-22 21:27:48"}
{"level":"info","message":"✅ Database connected successfully","service":"tiny-todoist-server","timestamp":"2025-08-22 21:27:53"}
{"level":"info","message":"Server running http://localhost:3000","service":"tiny-todoist-server","timestamp":"2025-08-22 21:27:53"}
{"level":"info","message":"✅ Database connected successfully","service":"tiny-todoist-server","timestamp":"2025-08-22 21:27:56"}
{"level":"info","message":"Server running http://localhost:3000","service":"tiny-todoist-server","timestamp":"2025-08-22 21:27:56"}
{"level":"info","message":"✅ Database connected successfully","service":"tiny-todoist-server","timestamp":"2025-08-22 21:27:59"}
{"level":"info","message":"Server running http://localhost:3000","service":"tiny-todoist-server","timestamp":"2025-08-22 21:27:59"}
{"level":"info","message":"✅ Database connected successfully","service":"tiny-todoist-server","timestamp":"2025-08-22 21:29:04"}
{"level":"info","message":"Server running http://localhost:3000","service":"tiny-todoist-server","timestamp":"2025-08-22 21:29:04"}
{"level":"info","message":"✅ Database connected successfully","service":"tiny-todoist-server","timestamp":"2025-08-22 21:29:32"}
{"level":"info","message":"Server running http://localhost:3000","service":"tiny-todoist-server","timestamp":"2025-08-22 21:29:32"}
{"level":"info","message":"✅ Database connected successfully","service":"tiny-todoist-server","timestamp":"2025-08-22 21:29:42"}
{"level":"info","message":"Server running http://localhost:3000","service":"tiny-todoist-server","timestamp":"2025-08-22 21:29:42"}
{"level":"info","message":"✅ Database connected successfully","service":"tiny-todoist-server","timestamp":"2025-08-22 21:29:49"}
{"level":"info","message":"Server running http://localhost:3000","service":"tiny-todoist-server","timestamp":"2025-08-22 21:29:49"}
{"level":"info","message":"✅ Database connected successfully","service":"tiny-todoist-server","timestamp":"2025-08-22 21:30:09"}
{"level":"info","message":"Server running http://localhost:3000","service":"tiny-todoist-server","timestamp":"2025-08-22 21:30:09"}
{"level":"info","message":"✅ Database connected successfully","service":"tiny-todoist-server","timestamp":"2025-08-22 21:30:11"}
{"level":"info","message":"Server running http://localhost:3000","service":"tiny-todoist-server","timestamp":"2025-08-22 21:30:11"}
{"level":"info","message":"✅ Database connected successfully","service":"tiny-todoist-server","timestamp":"2025-08-22 21:30:15"}
{"level":"info","message":"Server running http://localhost:3000","service":"tiny-todoist-server","timestamp":"2025-08-22 21:30:15"}
{"level":"info","message":"✅ Database connected successfully","service":"tiny-todoist-server","timestamp":"2025-08-22 21:30:55"}
{"level":"info","message":"Server running http://localhost:3000","service":"tiny-todoist-server","timestamp":"2025-08-22 21:30:55"}
{"level":"info","message":"✅ Database connected successfully","service":"tiny-todoist-server","timestamp":"2025-08-22 21:31:13"}
{"level":"info","message":"Server running http://localhost:3000","service":"tiny-todoist-server","timestamp":"2025-08-22 21:31:13"}
{"level":"info","message":"✅ Database connected successfully","service":"tiny-todoist-server","timestamp":"2025-08-22 21:31:20"}
{"level":"info","message":"Server running http://localhost:3000","service":"tiny-todoist-server","timestamp":"2025-08-22 21:31:20"}
{"level":"info","message":"✅ Database connected successfully","service":"tiny-todoist-server","timestamp":"2025-08-22 21:31:27"}
{"level":"info","message":"Server running http://localhost:3000","service":"tiny-todoist-server","timestamp":"2025-08-22 21:31:27"}
{"level":"info","message":"✅ Database connected successfully","service":"tiny-todoist-server","timestamp":"2025-08-22 21:31:29"}
{"level":"info","message":"Server running http://localhost:3000","service":"tiny-todoist-server","timestamp":"2025-08-22 21:31:29"}
{"level":"info","message":"✅ Database connected successfully","service":"tiny-todoist-server","timestamp":"2025-08-22 21:31:34"}
{"level":"info","message":"Server running http://localhost:3000","service":"tiny-todoist-server","timestamp":"2025-08-22 21:31:34"}
{"level":"info","message":"✅ Database connected successfully","service":"tiny-todoist-server","timestamp":"2025-08-22 21:32:19"}
{"level":"info","message":"Server running http://localhost:3000","service":"tiny-todoist-server","timestamp":"2025-08-22 21:32:19"}
{"level":"info","message":"✅ Database connected successfully","service":"tiny-todoist-server","timestamp":"2025-08-22 21:32:25"}
{"level":"info","message":"Server running http://localhost:3000","service":"tiny-todoist-server","timestamp":"2025-08-22 21:32:25"}
{"level":"info","message":"✅ Database connected successfully","service":"tiny-todoist-server","timestamp":"2025-08-22 21:32:45"}
{"level":"info","message":"Server running http://localhost:3000","service":"tiny-todoist-server","timestamp":"2025-08-22 21:32:45"}
{"level":"info","message":"✅ Database connected successfully","service":"tiny-todoist-server","timestamp":"2025-08-22 21:32:49"}
{"level":"info","message":"Server running http://localhost:3000","service":"tiny-todoist-server","timestamp":"2025-08-22 21:32:49"}
{"level":"info","message":"✅ Database connected successfully","service":"tiny-todoist-server","timestamp":"2025-08-22 21:32:59"}
{"level":"info","message":"Server running http://localhost:3000","service":"tiny-todoist-server","timestamp":"2025-08-22 21:32:59"}
{"level":"info","message":"✅ Database connected successfully","service":"tiny-todoist-server","timestamp":"2025-08-22 21:33:05"}
{"level":"info","message":"Server running http://localhost:3000","service":"tiny-todoist-server","timestamp":"2025-08-22 21:33:05"}
{"level":"info","message":"✅ Database connected successfully","service":"tiny-todoist-server","timestamp":"2025-08-22 21:33:06"}
{"level":"info","message":"Server running http://localhost:3000","service":"tiny-todoist-server","timestamp":"2025-08-22 21:33:06"}
{"level":"info","message":"✅ Database connected successfully","service":"tiny-todoist-server","timestamp":"2025-08-22 21:33:24"}
{"level":"info","message":"Server running http://localhost:3000","service":"tiny-todoist-server","timestamp":"2025-08-22 21:33:24"}
{"level":"info","message":"✅ Database connected successfully","service":"tiny-todoist-server","timestamp":"2025-08-22 21:33:25"}
{"level":"info","message":"Server running http://localhost:3000","service":"tiny-todoist-server","timestamp":"2025-08-22 21:33:25"}
{"level":"info","message":"✅ Database connected successfully","service":"tiny-todoist-server","timestamp":"2025-08-22 21:33:28"}
{"level":"info","message":"Server running http://localhost:3000","service":"tiny-todoist-server","timestamp":"2025-08-22 21:33:28"}
{"level":"info","message":"✅ Database connected successfully","service":"tiny-todoist-server","timestamp":"2025-08-22 21:33:34"}
{"level":"info","message":"Server running http://localhost:3000","service":"tiny-todoist-server","timestamp":"2025-08-22 21:33:34"}
{"level":"info","message":"✅ Database connected successfully","service":"tiny-todoist-server","timestamp":"2025-08-22 21:33:38"}
{"level":"info","message":"Server running http://localhost:3000","service":"tiny-todoist-server","timestamp":"2025-08-22 21:33:38"}
{"level":"info","message":"✅ Database connected successfully","service":"tiny-todoist-server","timestamp":"2025-08-22 21:34:26"}
{"level":"info","message":"Server running http://localhost:3000","service":"tiny-todoist-server","timestamp":"2025-08-22 21:34:26"}
{"level":"info","message":"✅ Database connected successfully","service":"tiny-todoist-server","timestamp":"2025-08-22 21:38:39"}
{"level":"info","message":"Server running http://localhost:3000","service":"tiny-todoist-server","timestamp":"2025-08-22 21:38:39"}
{"level":"info","message":"✅ Database connected successfully","service":"tiny-todoist-server","timestamp":"2025-08-22 21:38:42"}
{"level":"info","message":"Server running http://localhost:3000","service":"tiny-todoist-server","timestamp":"2025-08-22 21:38:42"}
{"level":"info","message":"✅ Database connected successfully","service":"tiny-todoist-server","timestamp":"2025-08-22 21:38:50"}
{"level":"info","message":"Server running http://localhost:3000","service":"tiny-todoist-server","timestamp":"2025-08-22 21:38:51"}
{"level":"info","message":"✅ Database connected successfully","service":"tiny-todoist-server","timestamp":"2025-08-22 21:38:59"}
{"level":"info","message":"Server running http://localhost:3000","service":"tiny-todoist-server","timestamp":"2025-08-22 21:38:59"}
{"level":"info","message":"✅ Database connected successfully","service":"tiny-todoist-server","timestamp":"2025-08-22 21:39:30"}
{"level":"info","message":"Server running http://localhost:3000","service":"tiny-todoist-server","timestamp":"2025-08-22 21:39:30"}
{"level":"info","message":"✅ Database connected successfully","service":"tiny-todoist-server","timestamp":"2025-08-22 21:39:43"}
{"level":"info","message":"Server running http://localhost:3000","service":"tiny-todoist-server","timestamp":"2025-08-22 21:39:43"}
{"level":"info","message":"✅ Database connected successfully","service":"tiny-todoist-server","timestamp":"2025-08-22 21:39:46"}
{"level":"info","message":"Server running http://localhost:3000","service":"tiny-todoist-server","timestamp":"2025-08-22 21:39:46"}
{"level":"info","message":"✅ Database connected successfully","service":"tiny-todoist-server","timestamp":"2025-08-22 21:39:56"}
{"level":"info","message":"Server running http://localhost:3000","service":"tiny-todoist-server","timestamp":"2025-08-22 21:39:56"}
{"level":"info","message":"✅ Database connected successfully","service":"tiny-todoist-server","timestamp":"2025-08-22 21:40:04"}
{"level":"info","message":"Server running http://localhost:3000","service":"tiny-todoist-server","timestamp":"2025-08-22 21:40:04"}
{"level":"info","message":"✅ Database connected successfully","service":"tiny-todoist-server","timestamp":"2025-08-22 21:40:05"}
{"level":"info","message":"Server running http://localhost:3000","service":"tiny-todoist-server","timestamp":"2025-08-22 21:40:05"}
{"level":"info","message":"✅ Database connected successfully","service":"tiny-todoist-server","timestamp":"2025-08-22 21:40:11"}
{"level":"info","message":"Server running http://localhost:3000","service":"tiny-todoist-server","timestamp":"2025-08-22 21:40:11"}
{"level":"info","message":"✅ Database connected successfully","service":"tiny-todoist-server","timestamp":"2025-08-22 21:40:18"}
{"level":"info","message":"Server running http://localhost:3000","service":"tiny-todoist-server","timestamp":"2025-08-22 21:40:18"}
{"level":"info","message":"✅ Database connected successfully","service":"tiny-todoist-server","timestamp":"2025-08-22 21:40:39"}
{"level":"info","message":"Server running http://localhost:3000","service":"tiny-todoist-server","timestamp":"2025-08-22 21:40:39"}
{"level":"info","message":"✅ Database connected successfully","service":"tiny-todoist-server","timestamp":"2025-08-22 21:40:45"}
{"level":"info","message":"Server running http://localhost:3000","service":"tiny-todoist-server","timestamp":"2025-08-22 21:40:45"}
{"level":"info","message":"✅ Database connected successfully","service":"tiny-todoist-server","timestamp":"2025-08-22 21:40:46"}
{"level":"info","message":"Server running http://localhost:3000","service":"tiny-todoist-server","timestamp":"2025-08-22 21:40:46"}
{"level":"info","message":"✅ Database connected successfully","service":"tiny-todoist-server","timestamp":"2025-08-22 21:47:16"}
{"level":"info","message":"Server running http://localhost:3000","service":"tiny-todoist-server","timestamp":"2025-08-22 21:47:16"}
{"level":"info","message":"✅ Database connected successfully","service":"tiny-todoist-server","timestamp":"2025-08-22 21:47:42"}
{"level":"info","message":"Server running http://localhost:3000","service":"tiny-todoist-server","timestamp":"2025-08-22 21:47:42"}
{"level":"info","message":"✅ Database connected successfully","service":"tiny-todoist-server","timestamp":"2025-08-22 21:47:53"}
{"level":"info","message":"Server running http://localhost:3000","service":"tiny-todoist-server","timestamp":"2025-08-22 21:47:53"}
{"level":"info","message":"✅ Database connected successfully","service":"tiny-todoist-server","timestamp":"2025-08-22 21:48:11"}
{"level":"info","message":"Server running http://localhost:3000","service":"tiny-todoist-server","timestamp":"2025-08-22 21:48:11"}
{"level":"info","message":"✅ Database connected successfully","service":"tiny-todoist-server","timestamp":"2025-08-22 21:48:41"}
{"level":"info","message":"Server running http://localhost:3000","service":"tiny-todoist-server","timestamp":"2025-08-22 21:48:41"}
{"level":"info","message":"✅ Database connected successfully","service":"tiny-todoist-server","timestamp":"2025-08-22 21:49:00"}
{"level":"info","message":"Server running http://localhost:3000","service":"tiny-todoist-server","timestamp":"2025-08-22 21:49:00"}
{"level":"info","message":"✅ Database connected successfully","service":"tiny-todoist-server","timestamp":"2025-08-22 21:49:29"}
{"level":"info","message":"Server running http://localhost:3000","service":"tiny-todoist-server","timestamp":"2025-08-22 21:49:29"}
{"level":"info","message":"✅ Database connected successfully","service":"tiny-todoist-server","timestamp":"2025-08-22 21:49:35"}
{"level":"info","message":"Server running http://localhost:3000","service":"tiny-todoist-server","timestamp":"2025-08-22 21:49:35"}
{"level":"info","message":"✅ Database connected successfully","service":"tiny-todoist-server","timestamp":"2025-08-22 21:49:40"}
{"level":"info","message":"Server running http://localhost:3000","service":"tiny-todoist-server","timestamp":"2025-08-22 21:49:40"}
{"level":"info","message":"✅ Database connected successfully","service":"tiny-todoist-server","timestamp":"2025-08-22 21:50:05"}
{"level":"info","message":"Server running http://localhost:3000","service":"tiny-todoist-server","timestamp":"2025-08-22 21:50:05"}
{"level":"info","message":"✅ Database connected successfully","service":"tiny-todoist-server","timestamp":"2025-08-22 21:50:09"}
{"level":"info","message":"Server running http://localhost:3000","service":"tiny-todoist-server","timestamp":"2025-08-22 21:50:09"}
{"level":"info","message":"✅ Database connected successfully","service":"tiny-todoist-server","timestamp":"2025-08-22 21:50:13"}
{"level":"info","message":"Server running http://localhost:3000","service":"tiny-todoist-server","timestamp":"2025-08-22 21:50:13"}
{"level":"info","message":"✅ Database connected successfully","service":"tiny-todoist-server","timestamp":"2025-08-22 21:50:16"}
{"level":"info","message":"Server running http://localhost:3000","service":"tiny-todoist-server","timestamp":"2025-08-22 21:50:16"}
{"level":"info","message":"✅ Database connected successfully","service":"tiny-todoist-server","timestamp":"2025-08-22 21:50:48"}
{"level":"info","message":"Server running http://localhost:3000","service":"tiny-todoist-server","timestamp":"2025-08-22 21:50:48"}
{"level":"info","message":"✅ Database connected successfully","service":"tiny-todoist-server","timestamp":"2025-08-22 21:50:57"}
{"level":"info","message":"Server running http://localhost:3000","service":"tiny-todoist-server","timestamp":"2025-08-22 21:50:57"}
{"level":"info","message":"✅ Database connected successfully","service":"tiny-todoist-server","timestamp":"2025-08-22 21:51:00"}
{"level":"info","message":"Server running http://localhost:3000","service":"tiny-todoist-server","timestamp":"2025-08-22 21:51:00"}
{"level":"info","message":"✅ Database connected successfully","service":"tiny-todoist-server","timestamp":"2025-08-22 21:51:21"}
{"level":"info","message":"Server running http://localhost:3000","service":"tiny-todoist-server","timestamp":"2025-08-22 21:51:21"}
{"level":"info","message":"✅ Database connected successfully","service":"tiny-todoist-server","timestamp":"2025-08-22 21:51:29"}
{"level":"info","message":"Server running http://localhost:3000","service":"tiny-todoist-server","timestamp":"2025-08-22 21:51:29"}
{"level":"info","message":"✅ Database connected successfully","service":"tiny-todoist-server","timestamp":"2025-08-22 21:51:37"}
{"level":"info","message":"Server running http://localhost:3000","service":"tiny-todoist-server","timestamp":"2025-08-22 21:51:37"}
{"level":"info","message":"✅ Database connected successfully","service":"tiny-todoist-server","timestamp":"2025-08-22 21:52:10"}
{"level":"info","message":"Server running http://localhost:3000","service":"tiny-todoist-server","timestamp":"2025-08-22 21:52:10"}
{"level":"info","message":"✅ Database connected successfully","service":"tiny-todoist-server","timestamp":"2025-08-22 21:52:21"}
{"level":"info","message":"Server running http://localhost:3000","service":"tiny-todoist-server","timestamp":"2025-08-22 21:52:21"}
{"level":"info","message":"✅ Database connected successfully","service":"tiny-todoist-server","timestamp":"2025-08-22 21:52:26"}
{"level":"info","message":"Server running http://localhost:3000","service":"tiny-todoist-server","timestamp":"2025-08-22 21:52:26"}
{"level":"info","message":"✅ Database connected successfully","service":"tiny-todoist-server","timestamp":"2025-08-22 21:52:33"}
{"level":"info","message":"Server running http://localhost:3000","service":"tiny-todoist-server","timestamp":"2025-08-22 21:52:33"}
{"level":"info","message":"✅ Database connected successfully","service":"tiny-todoist-server","timestamp":"2025-08-22 21:52:37"}
{"level":"info","message":"Server running http://localhost:3000","service":"tiny-todoist-server","timestamp":"2025-08-22 21:52:37"}
{"level":"info","message":"✅ Database connected successfully","service":"tiny-todoist-server","timestamp":"2025-08-22 21:52:46"}
{"level":"info","message":"Server running http://localhost:3000","service":"tiny-todoist-server","timestamp":"2025-08-22 21:52:46"}
{"level":"info","message":"✅ Database connected successfully","service":"tiny-todoist-server","timestamp":"2025-08-22 21:53:21"}
{"level":"info","message":"Server running http://localhost:3000","service":"tiny-todoist-server","timestamp":"2025-08-22 21:53:21"}
{"level":"info","message":"✅ Database connected successfully","service":"tiny-todoist-server","timestamp":"2025-08-22 21:53:23"}
{"level":"info","message":"Server running http://localhost:3000","service":"tiny-todoist-server","timestamp":"2025-08-22 21:53:23"}
{"level":"info","message":"✅ Database connected successfully","service":"tiny-todoist-server","timestamp":"2025-08-22 21:53:29"}
{"level":"info","message":"Server running http://localhost:3000","service":"tiny-todoist-server","timestamp":"2025-08-22 21:53:29"}
{"level":"info","message":"✅ Database connected successfully","service":"tiny-todoist-server","timestamp":"2025-08-22 21:53:32"}
{"level":"info","message":"Server running http://localhost:3000","service":"tiny-todoist-server","timestamp":"2025-08-22 21:53:32"}
{"level":"info","message":"✅ Database connected successfully","service":"tiny-todoist-server","timestamp":"2025-08-22 21:53:40"}
{"level":"info","message":"Server running http://localhost:3000","service":"tiny-todoist-server","timestamp":"2025-08-22 21:53:40"}
{"level":"info","message":"✅ Database connected successfully","service":"tiny-todoist-server","timestamp":"2025-08-22 21:53:41"}
{"level":"info","message":"Server running http://localhost:3000","service":"tiny-todoist-server","timestamp":"2025-08-22 21:53:41"}
